TN:
SF:src\modules\movies\services\ListMoviesService.ts
FN:14,(anonymous_18)
FN:16,ListMoviesService
FN:21,(anonymous_20)
FNF:3
FNH:0
FNDA:0,(anonymous_18)
FNDA:0,ListMoviesService
FNDA:0,(anonymous_20)
DA:1,0
DA:4,0
DA:14,0
DA:18,0
DA:21,0
DA:22,0
DA:23,0
DA:25,0
DA:26,0
DA:31,0
DA:32,0
DA:33,0
DA:34,0
DA:37,0
DA:39,0
DA:41,0
LF:16
LH:0
BRDA:37,0,0,0
BRDA:25,1,0,0
BRDA:25,1,1,0
BRDA:25,2,0,0
BRDA:25,2,1,0
BRDA:31,3,0,0
BRDA:31,3,1,0
BRDA:33,4,0,0
BRDA:33,4,1,0
BRF:9
BRH:0
end_of_record
TN:
SF:src\modules\review\services\CreactReviewService.ts
FN:15,(anonymous_18)
FN:17,CreateReviewService
FN:22,(anonymous_20)
FNF:3
FNH:3
FNDA:1,(anonymous_18)
FNDA:2,CreateReviewService
FNDA:3,(anonymous_20)
DA:3,1
DA:5,1
DA:15,1
DA:19,2
DA:22,1
DA:23,3
DA:24,3
DA:26,3
DA:27,1
DA:32,2
DA:39,2
DA:41,1
DA:43,1
LF:13
LH:13
BRDA:26,0,0,1
BRDA:26,0,1,2
BRF:2
BRH:2
end_of_record
TN:
SF:src\modules\review\services\FindAllReviewsByUserService.ts
FN:12,(anonymous_18)
FN:14,FindAllReviewsByUserService
FN:19,(anonymous_20)
FNF:3
FNH:3
FNDA:1,(anonymous_18)
FNDA:2,FindAllReviewsByUserService
FNDA:2,(anonymous_20)
DA:1,1
DA:4,1
DA:12,1
DA:16,2
DA:19,2
DA:20,2
DA:22,2
DA:23,0
DA:26,2
DA:28,1
DA:30,1
LF:11
LH:10
BRDA:20,0,0,2
BRDA:22,1,0,0
BRDA:22,1,1,2
BRF:3
BRH:2
end_of_record
TN:
SF:src\modules\review\services\FindReviewService.ts
FN:12,(anonymous_18)
FN:14,FindReviewService
FN:19,(anonymous_20)
FNF:3
FNH:3
FNDA:1,(anonymous_18)
FNDA:2,FindReviewService
FNDA:2,(anonymous_20)
DA:1,1
DA:4,1
DA:12,1
DA:16,2
DA:19,2
DA:20,2
DA:22,2
DA:23,1
DA:26,1
DA:28,1
DA:30,1
LF:11
LH:11
BRDA:20,0,0,2
BRDA:22,1,0,1
BRDA:22,1,1,1
BRF:3
BRH:3
end_of_record
TN:
SF:src\modules\review\services\UpdateReviewService.ts
FN:13,(anonymous_18)
FN:15,UpdateReviewService
FN:20,(anonymous_20)
FNF:3
FNH:3
FNDA:1,(anonymous_18)
FNDA:3,UpdateReviewService
FNDA:3,(anonymous_20)
DA:1,1
DA:4,1
DA:13,1
DA:17,3
DA:20,3
DA:21,3
DA:23,3
DA:24,1
DA:27,3
DA:28,1
DA:30,1
DA:33,2
DA:35,1
DA:37,1
LF:14
LH:14
BRDA:21,0,0,3
BRDA:21,0,1,1
BRDA:21,0,2,2
BRDA:23,1,0,1
BRDA:23,1,1,2
BRDA:27,2,0,1
BRDA:27,2,1,1
BRF:7
BRH:7
end_of_record
